<?xml version="1.0" encoding="UTF-8"?>
<robot generator="Robot 6.1.1 (Python 3.11.1 on darwin)" generated="20241118 13:25:03.837" rpa="false" schemaversion="4">
<suite id="s1" name="Reset Counter" source="/Users/juho/palautusrepositorio/tehtavat/viikko3/hello-robot/src/tests/reset_counter.robot">
<test id="s1-t1" name="Reset Counter After One Increment" line="5">
<kw name="Counter Value Should Be" library="CounterLibrary">
<arg>0</arg>
<status status="PASS" starttime="20241118 13:25:03.850" endtime="20241118 13:25:03.851"/>
</kw>
<kw name="Increase Counter" library="CounterLibrary">
<status status="PASS" starttime="20241118 13:25:03.851" endtime="20241118 13:25:03.851"/>
</kw>
<kw name="Counter Value Should Be" library="CounterLibrary">
<arg>1</arg>
<status status="PASS" starttime="20241118 13:25:03.851" endtime="20241118 13:25:03.851"/>
</kw>
<kw name="Reset Counter">
<msg timestamp="20241118 13:25:03.852" level="FAIL">No keyword with name 'Reset Counter' found.</msg>
<status status="FAIL" starttime="20241118 13:25:03.852" endtime="20241118 13:25:03.852"/>
</kw>
<kw name="Counter Value Should Be" library="CounterLibrary">
<arg>0</arg>
<status status="NOT RUN" starttime="20241118 13:25:03.852" endtime="20241118 13:25:03.852"/>
</kw>
<status status="FAIL" starttime="20241118 13:25:03.850" endtime="20241118 13:25:03.852">No keyword with name 'Reset Counter' found.</status>
</test>
<test id="s1-t2" name="Reset Counter After Several Increments" line="12">
<kw name="Counter Value Should Be" library="CounterLibrary">
<arg>0</arg>
<status status="PASS" starttime="20241118 13:25:03.852" endtime="20241118 13:25:03.852"/>
</kw>
<kw name="Increment Counter By" library="CounterLibrary">
<arg>5</arg>
<status status="PASS" starttime="20241118 13:25:03.852" endtime="20241118 13:25:03.853"/>
</kw>
<kw name="Counter Value Should Be" library="CounterLibrary">
<arg>5</arg>
<status status="PASS" starttime="20241118 13:25:03.853" endtime="20241118 13:25:03.853"/>
</kw>
<kw name="Reset Counter">
<msg timestamp="20241118 13:25:03.854" level="FAIL">No keyword with name 'Reset Counter' found.</msg>
<status status="FAIL" starttime="20241118 13:25:03.854" endtime="20241118 13:25:03.854"/>
</kw>
<kw name="Counter Value Should Be" library="CounterLibrary">
<arg>0</arg>
<status status="NOT RUN" starttime="20241118 13:25:03.854" endtime="20241118 13:25:03.854"/>
</kw>
<status status="FAIL" starttime="20241118 13:25:03.852" endtime="20241118 13:25:03.854">No keyword with name 'Reset Counter' found.</status>
</test>
<status status="FAIL" starttime="20241118 13:25:03.838" endtime="20241118 13:25:03.854"/>
</suite>
<statistics>
<total>
<stat pass="0" fail="2" skip="0">All Tests</stat>
</total>
<tag>
</tag>
<suite>
<stat pass="0" fail="2" skip="0" id="s1" name="Reset Counter">Reset Counter</stat>
</suite>
</statistics>
<errors>
</errors>
</robot>
